<?xml version="1.0" encoding="UTF-8"?>
<!-- Generated by org.testng.reporters.JUnitReportReporter -->
<testsuite hostname="DESKTOP-AJ4AGAI" name="com.crm.OrganizationTests.SampleTest" tests="1" failures="0" timestamp="24 Feb 2022 11:06:20 GMT" time="0.909" errors="0">
  <testcase name="sampleTest" time="0.909" classname="com.crm.OrganizationTests.SampleTest"/>
</testsuite> <!-- com.crm.OrganizationTests.SampleTest -->
