<?xml version="1.0" encoding="UTF-8"?>
<!-- Generated by org.testng.reporters.JUnitReportReporter -->
<testsuite hostname="DESKTOP-AJ4AGAI" name="com.crm.PRACTICE.GoibiboTest" tests="1" failures="0" timestamp="9 Mar 2022 10:23:25 GMT" time="146.856" errors="0">
  <testcase name="calender" time="146.856" classname="com.crm.PRACTICE.GoibiboTest"/>
</testsuite> <!-- com.crm.PRACTICE.GoibiboTest -->
