<?xml version="1.0" encoding="UTF-8"?>
<!-- Generated by org.testng.reporters.JUnitReportReporter -->
<testsuite hostname="DESKTOP-AJ4AGAI" name="com.crm.PRACTICE.POMPracticeforLogin" tests="1" failures="0" timestamp="24 Feb 2022 07:55:40 GMT" time="28.662" errors="0">
  <testcase name="pomPractice" time="28.662" classname="com.crm.PRACTICE.POMPracticeforLogin"/>
</testsuite> <!-- com.crm.PRACTICE.POMPracticeforLogin -->
