<?xml version="1.0" encoding="UTF-8"?>
<!-- Generated by org.testng.reporters.JUnitReportReporter -->
<testsuite hostname="DESKTOP-AJ4AGAI" name="com.crm.PRACTICE.demo" tests="1" failures="0" timestamp="17 Feb 2022 11:38:45 GMT" time="0.908" errors="0">
  <testcase name="demo" time="0.908" classname="com.crm.PRACTICE.demo"/>
</testsuite> <!-- com.crm.PRACTICE.demo -->
