<?xml version="1.0" encoding="UTF-8"?>
<!-- Generated by org.testng.reporters.JUnitReportReporter -->
<testsuite hostname="DESKTOP-AJ4AGAI" name="com.crm.PRACTICE.DataProviderPractice2" tests="6" failures="0" timestamp="28 Feb 2022 11:02:25 GMT" time="0.019" errors="0">
  <testcase name="sampleDataProvider" time="0.002" classname="com.crm.PRACTICE.DataProviderPractice2"/>
  <testcase name="sampleDataProvider" time="0.002" classname="com.crm.PRACTICE.DataProviderPractice2"/>
  <testcase name="sampleDataProvider" time="0.009" classname="com.crm.PRACTICE.DataProviderPractice2"/>
  <testcase name="sampleDataProvider" time="0.003" classname="com.crm.PRACTICE.DataProviderPractice2"/>
  <testcase name="sampleDataProvider" time="0.002" classname="com.crm.PRACTICE.DataProviderPractice2"/>
  <testcase name="sampleDataProvider" time="0.001" classname="com.crm.PRACTICE.DataProviderPractice2"/>
</testsuite> <!-- com.crm.PRACTICE.DataProviderPractice2 -->
