<?xml version="1.0" encoding="UTF-8"?>
<!-- Generated by org.testng.reporters.JUnitReportReporter -->
<testsuite hostname="DESKTOP-AJ4AGAI" name="com.crm.PRACTICE.ReaddatafromExcelSheetTest" tests="1" failures="0" timestamp="17 Feb 2022 11:41:13 GMT" time="0.647" errors="0">
  <testcase name="readdatafromExcel" time="0.647" classname="com.crm.PRACTICE.ReaddatafromExcelSheetTest"/>
</testsuite> <!-- com.crm.PRACTICE.ReaddatafromExcelSheetTest -->
