<?xml version="1.0" encoding="UTF-8"?>
<!-- Generated by org.testng.reporters.JUnitReportReporter -->
<testsuite hostname="DESKTOP-AJ4AGAI" name="com.crm.PRACTICE.PracticeforGenericUtils" tests="1" failures="0" timestamp="22 Feb 2022 11:08:32 GMT" time="0.139" errors="0">
  <testcase name="practice" time="0.139" classname="com.crm.PRACTICE.PracticeforGenericUtils"/>
</testsuite> <!-- com.crm.PRACTICE.PracticeforGenericUtils -->
