<?xml version="1.0" encoding="UTF-8"?>
<!-- Generated by org.testng.reporters.JUnitReportReporter -->
<testsuite hostname="DESKTOP-AJ4AGAI" name="com.crm.PRACTICE.SampleJDBCExecuteQuery" tests="1" failures="0" timestamp="16 Feb 2022 09:33:07 GMT" time="0.302" errors="0">
  <testcase name="sampleJDBCExecuteQuery" time="0.302" classname="com.crm.PRACTICE.SampleJDBCExecuteQuery"/>
</testsuite> <!-- com.crm.PRACTICE.SampleJDBCExecuteQuery -->
