<?xml version="1.0" encoding="UTF-8"?>
<!-- Generated by org.testng.reporters.JUnitReportReporter -->
<testsuite hostname="DESKTOP-AJ4AGAI" name="com.crm.PRACTICE.ReadDataFromSuiteXMLfileTest" tests="1" failures="0" timestamp="17 Feb 2022 09:55:00 GMT" time="0.015" errors="0">
  <testcase name="readDataFromXML" time="0.015" classname="com.crm.PRACTICE.ReadDataFromSuiteXMLfileTest"/>
</testsuite> <!-- com.crm.PRACTICE.ReadDataFromSuiteXMLfileTest -->
