<?xml version="1.0" encoding="UTF-8"?>
<!-- Generated by org.testng.reporters.JUnitReportReporter -->
<testsuite hostname="DESKTOP-AJ4AGAI" name="dynamicWebtable.ContactsCheckbox" tests="1" failures="0" timestamp="9 Mar 2022 05:22:57 GMT" time="29.821" errors="0">
  <testcase name="contactsCheckbox" time="29.821" classname="dynamicWebtable.ContactsCheckbox"/>
</testsuite> <!-- dynamicWebtable.ContactsCheckbox -->
