<?xml version="1.0" encoding="UTF-8"?>
<!-- Generated by org.testng.reporters.JUnitReportReporter -->
<testsuite hostname="DESKTOP-AJ4AGAI" name="dynamicWebtable.PrintLastName" tests="1" failures="0" timestamp="9 Mar 2022 05:45:03 GMT" time="9.096" errors="0">
  <testcase name="printLastNameTest" time="9.096" classname="dynamicWebtable.PrintLastName"/>
</testsuite> <!-- dynamicWebtable.PrintLastName -->
