<?xml version="1.0" encoding="UTF-8"?>
<!-- Generated by org.testng.reporters.JUnitReportReporter -->
<testsuite hostname="DESKTOP-AJ4AGAI" name="com.crm.PRACTICE.SampleJDBCExecuteDataVerification" tests="1" failures="0" timestamp="16 Feb 2022 10:59:15 GMT" time="0.315" errors="0">
  <testcase name="sampleJDBCExecuteQuery" time="0.315" classname="com.crm.PRACTICE.SampleJDBCExecuteDataVerification"/>
</testsuite> <!-- com.crm.PRACTICE.SampleJDBCExecuteDataVerification -->
