<?xml version="1.0" encoding="UTF-8"?>
<!-- Generated by org.testng.reporters.JUnitReportReporter -->
<testsuite hostname="DESKTOP-AJ4AGAI" name="com.crm.PRACTICE.RedbusTest" tests="1" failures="0" timestamp="9 Mar 2022 11:45:55 GMT" time="76.494" errors="0">
  <testcase name="calender" time="76.494" classname="com.crm.PRACTICE.RedbusTest"/>
</testsuite> <!-- com.crm.PRACTICE.RedbusTest -->
