<?xml version="1.0" encoding="UTF-8"?>
<!-- Generated by org.testng.reporters.JUnitReportReporter -->
<testsuite hostname="DESKTOP-AJ4AGAI" name="com.crm.PRACTICE.PropertyFilePRACTICE" tests="1" failures="0" timestamp="17 Feb 2022 05:23:07 GMT" time="0.020" errors="0">
  <testcase name="propertyFile" time="0.020" classname="com.crm.PRACTICE.PropertyFilePRACTICE"/>
</testsuite> <!-- com.crm.PRACTICE.PropertyFilePRACTICE -->
