<?xml version="1.0" encoding="UTF-8"?>
<!-- Generated by org.testng.reporters.JUnitReportReporter -->
<testsuite hostname="DESKTOP-AJ4AGAI" name="com.crm.PRACTICE.WriteDataIntoExceksheetTest" tests="1" failures="0" timestamp="17 Feb 2022 14:58:17 GMT" time="0.922" errors="0">
  <testcase name="writeDataIntoExceksheetTest" time="0.922" classname="com.crm.PRACTICE.WriteDataIntoExceksheetTest"/>
</testsuite> <!-- com.crm.PRACTICE.WriteDataIntoExceksheetTest -->
