<?xml version="1.0" encoding="UTF-8"?>
<!-- Generated by org.testng.reporters.JUnitReportReporter -->
<testsuite hostname="DESKTOP-AJ4AGAI" name="com.crm.PRACTICE.ReadDataFromcmdLineTest" tests="1" failures="0" timestamp="17 Feb 2022 07:25:30 GMT" time="0.015" errors="0">
  <testcase name="readDataFromcmdLine" time="0.015" classname="com.crm.PRACTICE.ReadDataFromcmdLineTest"/>
</testsuite> <!-- com.crm.PRACTICE.ReadDataFromcmdLineTest -->
