<?xml version="1.0" encoding="UTF-8"?>
<!-- Generated by org.testng.reporters.JUnitReportReporter -->
<testsuite hostname="DESKTOP-AJ4AGAI" name="com.crm.PRACTICE.SelectanyDatefromCalenderTest" tests="1" failures="0" timestamp="9 Mar 2022 10:15:22 GMT" time="120.522" errors="0">
  <testcase name="calender" time="120.522" classname="com.crm.PRACTICE.SelectanyDatefromCalenderTest"/>
</testsuite> <!-- com.crm.PRACTICE.SelectanyDatefromCalenderTest -->
