<?xml version="1.0" encoding="UTF-8"?>
<!-- Generated by org.testng.reporters.JUnitReportReporter -->
<testsuite hostname="DESKTOP-AJ4AGAI" name="com.crm.PRACTICE.DataProviderPractice" tests="4" failures="0" timestamp="28 Feb 2022 10:10:59 GMT" time="0.013" errors="0">
  <testcase name="sampleDataProvider" time="0.001" classname="com.crm.PRACTICE.DataProviderPractice"/>
  <testcase name="sampleDataProvider" time="0.001" classname="com.crm.PRACTICE.DataProviderPractice"/>
  <testcase name="sampleDataProvider" time="0.010" classname="com.crm.PRACTICE.DataProviderPractice"/>
  <testcase name="sampleDataProvider" time="0.001" classname="com.crm.PRACTICE.DataProviderPractice"/>
</testsuite> <!-- com.crm.PRACTICE.DataProviderPractice -->
